<?xml version="1.0" encoding="UTF-8"?>
<!-- Generated by org.testng.reporters.JUnitXMLReporter -->
<testsuite ignored="2" hostname="DESKTOP-6CV4G98" failures="0" tests="3" name="Test" time="11.189" errors="0" timestamp="2022-06-13T10:08:23 IST">
  <testcase classname="test.LoginTest" name="verifyButton" time="0.08"/>
  <testcase classname="test.LoginTest" name="login" time="9.831"/>
  <testcase classname="test.HomePageTest" name="logout" time="1.218"/>
  <testcase classname="test.BaseTest" name="@AfterSuite tearDown" time="0.0">
    <ignored/>
  </testcase> <!-- @AfterSuite tearDown -->
  <testcase classname="test.BaseTest" name="@BeforeSuite initBrowser" time="0.0">
    <ignored/>
  </testcase> <!-- @BeforeSuite initBrowser -->
</testsuite> <!-- Test -->
