<?xml version="1.0" encoding="UTF-8"?>
<testng-results ignored="2" total="5" passed="3" failed="0" skipped="0">
  <reporter-output>
  </reporter-output>
  <suite started-at="2022-06-13T10:08:12 IST" name="Suite" finished-at="2022-06-13T10:08:23 IST" duration-ms="11189">
    <groups>
    </groups>
    <test started-at="2022-06-13T10:08:12 IST" name="Test" finished-at="2022-06-13T10:08:23 IST" duration-ms="11189">
      <class name="test.HomePageTest">
        <test-method is-config="true" signature="initObject()[pri:0, instance:test.HomePageTest@54a7079e]" started-at="2022-06-13T10:08:22 IST" name="initObject" finished-at="2022-06-13T10:08:22 IST" duration-ms="1" status="PASS">
          <reporter-output>
          </reporter-output>
        </test-method> <!-- initObject -->
        <test-method signature="logout()[pri:0, instance:test.HomePageTest@54a7079e]" started-at="2022-06-13T10:08:22 IST" name="logout" finished-at="2022-06-13T10:08:23 IST" duration-ms="1218" status="PASS">
          <reporter-output>
          </reporter-output>
        </test-method> <!-- logout -->
      </class> <!-- test.HomePageTest -->
      <class name="test.LoginTest">
        <test-method is-config="true" signature="initBrowser()[pri:0, instance:test.LoginTest@27462a88]" started-at="2022-06-13T10:08:02 IST" name="initBrowser" finished-at="2022-06-13T10:08:12 IST" duration-ms="10376" status="PASS">
          <reporter-output>
          </reporter-output>
        </test-method> <!-- initBrowser -->
        <test-method is-config="true" signature="initObject()[pri:0, instance:test.LoginTest@27462a88]" started-at="2022-06-13T10:08:12 IST" name="initObject" finished-at="2022-06-13T10:08:12 IST" duration-ms="22" status="PASS">
          <reporter-output>
          </reporter-output>
        </test-method> <!-- initObject -->
        <test-method signature="verifyButton()[pri:1, instance:test.LoginTest@27462a88]" started-at="2022-06-13T10:08:12 IST" name="verifyButton" finished-at="2022-06-13T10:08:12 IST" duration-ms="80" status="PASS">
          <reporter-output>
          </reporter-output>
        </test-method> <!-- verifyButton -->
        <test-method signature="login()[pri:2, instance:test.LoginTest@27462a88]" started-at="2022-06-13T10:08:12 IST" name="login" finished-at="2022-06-13T10:08:22 IST" duration-ms="9831" status="PASS">
          <reporter-output>
          </reporter-output>
        </test-method> <!-- login -->
        <test-method is-config="true" signature="tearDown()[pri:0, instance:test.LoginTest@27462a88]" started-at="2022-06-13T10:08:23 IST" name="tearDown" finished-at="2022-06-13T10:08:23 IST" duration-ms="196" status="PASS">
          <reporter-output>
          </reporter-output>
        </test-method> <!-- tearDown -->
      </class> <!-- test.LoginTest -->
    </test> <!-- Test -->
  </suite> <!-- Suite -->
</testng-results>
